<?xml version="1.0" encoding="UTF-8"?>
<!-- Generated by org.testng.reporters.JUnitReportReporter -->
<testsuite hostname="cpw70247" name="productCellBRSPack.ProdcutCellBRS" tests="1" failures="0" timestamp="9 Mar 2018 22:54:27 GMT" time="19.362" errors="0">
  <testcase name="checkOutClubItem" time="19.362" classname="productCellBRSPack.ProdcutCellBRS"/>
</testsuite> <!-- productCellBRSPack.ProdcutCellBRS -->
